<?xml version="1.0" encoding="UTF-8"?>
<testng-results skipped="0" failed="0" ignored="0" total="1" passed="1">
  <reporter-output>
  </reporter-output>
  <suite name="Default suite" duration-ms="121114" started-at="2018-05-18T13:37:08Z" finished-at="2018-05-18T13:39:09Z">
    <groups>
    </groups>
    <test name="Default test" duration-ms="121114" started-at="2018-05-18T13:37:08Z" finished-at="2018-05-18T13:39:09Z">
      <class name="com.FunctionalTesting.Tc_Capro_Myaccount_Test">
        <test-method status="PASS" signature="main()[pri:0, instance:com.FunctionalTesting.Tc_Capro_Myaccount_Test@271053e1]" name="main" duration-ms="121081" started-at="2018-05-18T13:37:08Z" finished-at="2018-05-18T13:39:09Z">
          <reporter-output>
          </reporter-output>
        </test-method> <!-- main -->
      </class> <!-- com.FunctionalTesting.Tc_Capro_Myaccount_Test -->
    </test> <!-- Default test -->
  </suite> <!-- Default suite -->
</testng-results>
